CRITICAL - 2025-10-03 10:09:36 --> CodeIgniter\View\Exceptions\ViewException: Invalid file: "welcome.php"
[Method: GET, Route: /]
in SYSTEMPATH\Exceptions\FrameworkException.php on line 39.
 1 SYSTEMPATH\View\View.php(214): CodeIgniter\Exceptions\FrameworkException::forInvalidFile('welcome.php')
 2 SYSTEMPATH\Common.php(1167): CodeIgniter\View\View->render('welcome', [], true)
 3 APPPATH\Controllers\Home.php(10): view('welcome')
 4 SYSTEMPATH\CodeIgniter.php(933): App\Controllers\Home->index()
 5 SYSTEMPATH\CodeIgniter.php(507): CodeIgniter\CodeIgniter->runController(Object(App\Controllers\Home))
 6 SYSTEMPATH\CodeIgniter.php(354): CodeIgniter\CodeIgniter->handleRequest(null, Object(Config\Cache), false)
 7 SYSTEMPATH\Boot.php(363): CodeIgniter\CodeIgniter->run()
 8 SYSTEMPATH\Boot.php(68): CodeIgniter\Boot::runCodeIgniter(Object(CodeIgniter\CodeIgniter))
 9 FCPATH\index.php(59): CodeIgniter\Boot::bootWeb(Object(Config\Paths))
10 SYSTEMPATH\rewrite.php(44): require_once('C:\\Users\\Lenovo\\OneDrive - Politeknik Negeri Bandung\\Personal Document\\JTK\\Semester-3\\Proyek-3\\Proyek-3\\ETS\\DPR_241511078_2C_HisyamKhaeruUmam\\public\\index.php')
DEBUG - 2025-10-03 10:09:42 --> Session: Class initialized using 'CodeIgniter\Session\Handlers\FileHandler' driver.
CRITICAL - 2025-10-03 12:38:35 --> CodeIgniter\View\Exceptions\ViewException: Invalid file: "welcome.php"
[Method: GET, Route: /]
in SYSTEMPATH\Exceptions\FrameworkException.php on line 39.
 1 SYSTEMPATH\View\View.php(214): CodeIgniter\Exceptions\FrameworkException::forInvalidFile('welcome.php')
 2 SYSTEMPATH\Common.php(1167): CodeIgniter\View\View->render('welcome', [], true)
 3 APPPATH\Controllers\Home.php(10): view('welcome')
 4 SYSTEMPATH\CodeIgniter.php(933): App\Controllers\Home->index()
 5 SYSTEMPATH\CodeIgniter.php(507): CodeIgniter\CodeIgniter->runController(Object(App\Controllers\Home))
 6 SYSTEMPATH\CodeIgniter.php(354): CodeIgniter\CodeIgniter->handleRequest(null, Object(Config\Cache), false)
 7 SYSTEMPATH\Boot.php(363): CodeIgniter\CodeIgniter->run()
 8 SYSTEMPATH\Boot.php(68): CodeIgniter\Boot::runCodeIgniter(Object(CodeIgniter\CodeIgniter))
 9 FCPATH\index.php(59): CodeIgniter\Boot::bootWeb(Object(Config\Paths))
10 SYSTEMPATH\rewrite.php(44): require_once('C:\\Users\\Lenovo\\OneDrive - Politeknik Negeri Bandung\\Personal Document\\JTK\\Semester-3\\Proyek-3\\Proyek-3\\ETS\\DPR_241511078_2C_HisyamKhaeruUmam\\public\\index.php')
DEBUG - 2025-10-03 12:38:45 --> Session: Class initialized using 'CodeIgniter\Session\Handlers\FileHandler' driver.
DEBUG - 2025-10-03 12:45:21 --> Session: Class initialized using 'CodeIgniter\Session\Handlers\FileHandler' driver.
DEBUG - 2025-10-03 12:45:22 --> Session: Class initialized using 'CodeIgniter\Session\Handlers\FileHandler' driver.
DEBUG - 2025-10-03 12:45:25 --> Session: Class initialized using 'CodeIgniter\Session\Handlers\FileHandler' driver.
DEBUG - 2025-10-03 12:45:27 --> Session: Class initialized using 'CodeIgniter\Session\Handlers\FileHandler' driver.
DEBUG - 2025-10-03 12:45:31 --> Session: Class initialized using 'CodeIgniter\Session\Handlers\FileHandler' driver.
DEBUG - 2025-10-03 12:45:39 --> Session: Class initialized using 'CodeIgniter\Session\Handlers\FileHandler' driver.
DEBUG - 2025-10-03 12:45:40 --> Session: Class initialized using 'CodeIgniter\Session\Handlers\FileHandler' driver.
DEBUG - 2025-10-03 12:52:14 --> Session: Class initialized using 'CodeIgniter\Session\Handlers\FileHandler' driver.
DEBUG - 2025-10-03 12:52:21 --> Session: Class initialized using 'CodeIgniter\Session\Handlers\FileHandler' driver.
DEBUG - 2025-10-03 12:52:22 --> Session: Class initialized using 'CodeIgniter\Session\Handlers\FileHandler' driver.
DEBUG - 2025-10-03 13:03:17 --> Session: Class initialized using 'CodeIgniter\Session\Handlers\FileHandler' driver.
DEBUG - 2025-10-03 13:03:23 --> Session: Class initialized using 'CodeIgniter\Session\Handlers\FileHandler' driver.
DEBUG - 2025-10-03 13:13:35 --> Session: Class initialized using 'CodeIgniter\Session\Handlers\FileHandler' driver.
DEBUG - 2025-10-03 13:13:37 --> Session: Class initialized using 'CodeIgniter\Session\Handlers\FileHandler' driver.
DEBUG - 2025-10-03 13:13:47 --> Session: Class initialized using 'CodeIgniter\Session\Handlers\FileHandler' driver.
CRITICAL - 2025-10-03 16:04:40 --> CodeIgniter\View\Exceptions\ViewException: Invalid file: "welcome.php"
[Method: GET, Route: /]
in SYSTEMPATH\Exceptions\FrameworkException.php on line 39.
 1 SYSTEMPATH\View\View.php(214): CodeIgniter\Exceptions\FrameworkException::forInvalidFile('welcome.php')
 2 SYSTEMPATH\Common.php(1167): CodeIgniter\View\View->render('welcome', [], true)
 3 APPPATH\Controllers\Home.php(10): view('welcome')
 4 SYSTEMPATH\CodeIgniter.php(933): App\Controllers\Home->index()
 5 SYSTEMPATH\CodeIgniter.php(507): CodeIgniter\CodeIgniter->runController(Object(App\Controllers\Home))
 6 SYSTEMPATH\CodeIgniter.php(354): CodeIgniter\CodeIgniter->handleRequest(null, Object(Config\Cache), false)
 7 SYSTEMPATH\Boot.php(363): CodeIgniter\CodeIgniter->run()
 8 SYSTEMPATH\Boot.php(68): CodeIgniter\Boot::runCodeIgniter(Object(CodeIgniter\CodeIgniter))
 9 FCPATH\index.php(59): CodeIgniter\Boot::bootWeb(Object(Config\Paths))
10 SYSTEMPATH\rewrite.php(44): require_once('C:\\Users\\Lenovo\\OneDrive - Politeknik Negeri Bandung\\Personal Document\\JTK\\Semester-3\\Proyek-3\\Proyek-3\\ETS\\DPR_241511078_2C_HisyamKhaeruUmam\\public\\index.php')
DEBUG - 2025-10-03 16:04:47 --> Session: Class initialized using 'CodeIgniter\Session\Handlers\FileHandler' driver.
DEBUG - 2025-10-03 16:04:53 --> Session: Class initialized using 'CodeIgniter\Session\Handlers\FileHandler' driver.
DEBUG - 2025-10-03 16:04:54 --> Session: Class initialized using 'CodeIgniter\Session\Handlers\FileHandler' driver.
DEBUG - 2025-10-03 16:05:02 --> Session: Class initialized using 'CodeIgniter\Session\Handlers\FileHandler' driver.
DEBUG - 2025-10-03 16:06:23 --> Session: Class initialized using 'CodeIgniter\Session\Handlers\FileHandler' driver.
DEBUG - 2025-10-03 16:06:25 --> Session: Class initialized using 'CodeIgniter\Session\Handlers\FileHandler' driver.
DEBUG - 2025-10-03 16:06:27 --> Session: Class initialized using 'CodeIgniter\Session\Handlers\FileHandler' driver.
DEBUG - 2025-10-03 16:06:28 --> Session: Class initialized using 'CodeIgniter\Session\Handlers\FileHandler' driver.
DEBUG - 2025-10-03 16:06:29 --> Session: Class initialized using 'CodeIgniter\Session\Handlers\FileHandler' driver.
DEBUG - 2025-10-03 16:06:32 --> Session: Class initialized using 'CodeIgniter\Session\Handlers\FileHandler' driver.
DEBUG - 2025-10-03 16:06:35 --> Session: Class initialized using 'CodeIgniter\Session\Handlers\FileHandler' driver.
DEBUG - 2025-10-03 16:06:35 --> Session: Class initialized using 'CodeIgniter\Session\Handlers\FileHandler' driver.
DEBUG - 2025-10-03 16:06:36 --> Session: Class initialized using 'CodeIgniter\Session\Handlers\FileHandler' driver.
DEBUG - 2025-10-03 16:06:37 --> Session: Class initialized using 'CodeIgniter\Session\Handlers\FileHandler' driver.
DEBUG - 2025-10-03 16:06:38 --> Session: Class initialized using 'CodeIgniter\Session\Handlers\FileHandler' driver.
DEBUG - 2025-10-03 16:07:02 --> Session: Class initialized using 'CodeIgniter\Session\Handlers\FileHandler' driver.
DEBUG - 2025-10-03 16:07:04 --> Session: Class initialized using 'CodeIgniter\Session\Handlers\FileHandler' driver.
DEBUG - 2025-10-03 16:07:04 --> Session: Class initialized using 'CodeIgniter\Session\Handlers\FileHandler' driver.
DEBUG - 2025-10-03 16:07:05 --> Session: Class initialized using 'CodeIgniter\Session\Handlers\FileHandler' driver.
DEBUG - 2025-10-03 16:07:05 --> Session: Class initialized using 'CodeIgniter\Session\Handlers\FileHandler' driver.
DEBUG - 2025-10-03 16:07:06 --> Session: Class initialized using 'CodeIgniter\Session\Handlers\FileHandler' driver.
DEBUG - 2025-10-03 16:07:47 --> Session: Class initialized using 'CodeIgniter\Session\Handlers\FileHandler' driver.
DEBUG - 2025-10-03 16:07:48 --> Session: Class initialized using 'CodeIgniter\Session\Handlers\FileHandler' driver.
DEBUG - 2025-10-03 16:08:09 --> Session: Class initialized using 'CodeIgniter\Session\Handlers\FileHandler' driver.
DEBUG - 2025-10-03 16:08:10 --> Session: Class initialized using 'CodeIgniter\Session\Handlers\FileHandler' driver.
DEBUG - 2025-10-03 16:14:04 --> Session: Class initialized using 'CodeIgniter\Session\Handlers\FileHandler' driver.
DEBUG - 2025-10-03 16:14:05 --> Session: Class initialized using 'CodeIgniter\Session\Handlers\FileHandler' driver.
DEBUG - 2025-10-03 16:14:07 --> Session: Class initialized using 'CodeIgniter\Session\Handlers\FileHandler' driver.
DEBUG - 2025-10-03 16:14:07 --> Session: Class initialized using 'CodeIgniter\Session\Handlers\FileHandler' driver.
DEBUG - 2025-10-03 16:14:52 --> Session: Class initialized using 'CodeIgniter\Session\Handlers\FileHandler' driver.
DEBUG - 2025-10-03 16:14:53 --> Session: Class initialized using 'CodeIgniter\Session\Handlers\FileHandler' driver.
DEBUG - 2025-10-03 16:16:59 --> Session: Class initialized using 'CodeIgniter\Session\Handlers\FileHandler' driver.
DEBUG - 2025-10-03 16:17:01 --> Session: Class initialized using 'CodeIgniter\Session\Handlers\FileHandler' driver.
CRITICAL - 2025-10-03 16:17:01 --> Error: Class "App\Controllers\PenggajianModel" not found
[Method: GET, Route: penggajian]
in APPPATH\Controllers\PenggajianController.php on line 17.
 1 SYSTEMPATH\CodeIgniter.php(933): App\Controllers\PenggajianController->index()
 2 SYSTEMPATH\CodeIgniter.php(507): CodeIgniter\CodeIgniter->runController(Object(App\Controllers\PenggajianController))
 3 SYSTEMPATH\CodeIgniter.php(354): CodeIgniter\CodeIgniter->handleRequest(null, Object(Config\Cache), false)
 4 SYSTEMPATH\Boot.php(363): CodeIgniter\CodeIgniter->run()
 5 SYSTEMPATH\Boot.php(68): CodeIgniter\Boot::runCodeIgniter(Object(CodeIgniter\CodeIgniter))
 6 FCPATH\index.php(59): CodeIgniter\Boot::bootWeb(Object(Config\Paths))
 7 SYSTEMPATH\rewrite.php(44): require_once('C:\\Users\\Lenovo\\OneDrive - Politeknik Negeri Bandung\\Personal Document\\JTK\\Semester-3\\Proyek-3\\Proyek-3\\ETS\\DPR_241511078_2C_HisyamKhaeruUmam\\public\\index.php')
DEBUG - 2025-10-03 16:19:02 --> Session: Class initialized using 'CodeIgniter\Session\Handlers\FileHandler' driver.
DEBUG - 2025-10-03 16:19:07 --> Session: Class initialized using 'CodeIgniter\Session\Handlers\FileHandler' driver.
DEBUG - 2025-10-03 16:19:38 --> Session: Class initialized using 'CodeIgniter\Session\Handlers\FileHandler' driver.
DEBUG - 2025-10-03 16:19:39 --> Session: Class initialized using 'CodeIgniter\Session\Handlers\FileHandler' driver.
DEBUG - 2025-10-03 16:19:45 --> Session: Class initialized using 'CodeIgniter\Session\Handlers\FileHandler' driver.
DEBUG - 2025-10-03 16:20:00 --> Session: Class initialized using 'CodeIgniter\Session\Handlers\FileHandler' driver.
ERROR - 2025-10-03 16:20:05 --> Error connecting to the database: mysqli_sql_exception: No connection could be made because the target machine actively refused it in C:\Users\Lenovo\OneDrive - Politeknik Negeri Bandung\Personal Document\JTK\Semester-3\Proyek-3\Proyek-3\ETS\DPR_241511078_2C_HisyamKhaeruUmam\system\Database\MySQLi\Connection.php:201
Stack trace:
#0 C:\Users\Lenovo\OneDrive - Politeknik Negeri Bandung\Personal Document\JTK\Semester-3\Proyek-3\Proyek-3\ETS\DPR_241511078_2C_HisyamKhaeruUmam\system\Database\MySQLi\Connection.php(201): mysqli->real_connect('localhost', 'root', Object(SensitiveParameterValue), 'gaji_dpr_db', 3306, '', 0)
#1 C:\Users\Lenovo\OneDrive - Politeknik Negeri Bandung\Personal Document\JTK\Semester-3\Proyek-3\Proyek-3\ETS\DPR_241511078_2C_HisyamKhaeruUmam\system\Database\BaseConnection.php(419): CodeIgniter\Database\MySQLi\Connection->connect(false)
#2 C:\Users\Lenovo\OneDrive - Politeknik Negeri Bandung\Personal Document\JTK\Semester-3\Proyek-3\Proyek-3\ETS\DPR_241511078_2C_HisyamKhaeruUmam\system\Database\BaseConnection.php(614): CodeIgniter\Database\BaseConnection->initialize()
#3 C:\Users\Lenovo\OneDrive - Politeknik Negeri Bandung\Personal Document\JTK\Semester-3\Proyek-3\Proyek-3\ETS\DPR_241511078_2C_HisyamKhaeruUmam\system\Database\BaseBuilder.php(1649): CodeIgniter\Database\BaseConnection->query('SELECT *\nFROM `...', Array, false)
#4 C:\Users\Lenovo\OneDrive - Politeknik Negeri Bandung\Personal Document\JTK\Semester-3\Proyek-3\Proyek-3\ETS\DPR_241511078_2C_HisyamKhaeruUmam\system\Model.php(286): CodeIgniter\Database\BaseBuilder->get()
#5 C:\Users\Lenovo\OneDrive - Politeknik Negeri Bandung\Personal Document\JTK\Semester-3\Proyek-3\Proyek-3\ETS\DPR_241511078_2C_HisyamKhaeruUmam\system\BaseModel.php(677): CodeIgniter\Model->doFindAll(0, 0)
#6 C:\Users\Lenovo\OneDrive - Politeknik Negeri Bandung\Personal Document\JTK\Semester-3\Proyek-3\Proyek-3\ETS\DPR_241511078_2C_HisyamKhaeruUmam\app\Controllers\PenggajianController.php(20): CodeIgniter\BaseModel->findAll()
#7 C:\Users\Lenovo\OneDrive - Politeknik Negeri Bandung\Personal Document\JTK\Semester-3\Proyek-3\Proyek-3\ETS\DPR_241511078_2C_HisyamKhaeruUmam\system\CodeIgniter.php(933): App\Controllers\PenggajianController->index()
#8 C:\Users\Lenovo\OneDrive - Politeknik Negeri Bandung\Personal Document\JTK\Semester-3\Proyek-3\Proyek-3\ETS\DPR_241511078_2C_HisyamKhaeruUmam\system\CodeIgniter.php(507): CodeIgniter\CodeIgniter->runController(Object(App\Controllers\PenggajianController))
#9 C:\Users\Lenovo\OneDrive - Politeknik Negeri Bandung\Personal Document\JTK\Semester-3\Proyek-3\Proyek-3\ETS\DPR_241511078_2C_HisyamKhaeruUmam\system\CodeIgniter.php(354): CodeIgniter\CodeIgniter->handleRequest(NULL, Object(Config\Cache), false)
#10 C:\Users\Lenovo\OneDrive - Politeknik Negeri Bandung\Personal Document\JTK\Semester-3\Proyek-3\Proyek-3\ETS\DPR_241511078_2C_HisyamKhaeruUmam\system\Boot.php(363): CodeIgniter\CodeIgniter->run()
#11 C:\Users\Lenovo\OneDrive - Politeknik Negeri Bandung\Personal Document\JTK\Semester-3\Proyek-3\Proyek-3\ETS\DPR_241511078_2C_HisyamKhaeruUmam\system\Boot.php(68): CodeIgniter\Boot::runCodeIgniter(Object(CodeIgniter\CodeIgniter))
#12 C:\Users\Lenovo\OneDrive - Politeknik Negeri Bandung\Personal Document\JTK\Semester-3\Proyek-3\Proyek-3\ETS\DPR_241511078_2C_HisyamKhaeruUmam\public\index.php(59): CodeIgniter\Boot::bootWeb(Object(Config\Paths))
#13 C:\Users\Lenovo\OneDrive - Politeknik Negeri Bandung\Personal Document\JTK\Semester-3\Proyek-3\Proyek-3\ETS\DPR_241511078_2C_HisyamKhaeruUmam\system\rewrite.php(44): require_once('C:\\Users\\Lenovo...')
#14 {main}

Next CodeIgniter\Database\Exceptions\DatabaseException: No connection could be made because the target machine actively refused it in C:\Users\Lenovo\OneDrive - Politeknik Negeri Bandung\Personal Document\JTK\Semester-3\Proyek-3\Proyek-3\ETS\DPR_241511078_2C_HisyamKhaeruUmam\system\Database\MySQLi\Connection.php:246
Stack trace:
#0 C:\Users\Lenovo\OneDrive - Politeknik Negeri Bandung\Personal Document\JTK\Semester-3\Proyek-3\Proyek-3\ETS\DPR_241511078_2C_HisyamKhaeruUmam\system\Database\BaseConnection.php(419): CodeIgniter\Database\MySQLi\Connection->connect(false)
#1 C:\Users\Lenovo\OneDrive - Politeknik Negeri Bandung\Personal Document\JTK\Semester-3\Proyek-3\Proyek-3\ETS\DPR_241511078_2C_HisyamKhaeruUmam\system\Database\BaseConnection.php(614): CodeIgniter\Database\BaseConnection->initialize()
#2 C:\Users\Lenovo\OneDrive - Politeknik Negeri Bandung\Personal Document\JTK\Semester-3\Proyek-3\Proyek-3\ETS\DPR_241511078_2C_HisyamKhaeruUmam\system\Database\BaseBuilder.php(1649): CodeIgniter\Database\BaseConnection->query('SELECT *\nFROM `...', Array, false)
#3 C:\Users\Lenovo\OneDrive - Politeknik Negeri Bandung\Personal Document\JTK\Semester-3\Proyek-3\Proyek-3\ETS\DPR_241511078_2C_HisyamKhaeruUmam\system\Model.php(286): CodeIgniter\Database\BaseBuilder->get()
#4 C:\Users\Lenovo\OneDrive - Politeknik Negeri Bandung\Personal Document\JTK\Semester-3\Proyek-3\Proyek-3\ETS\DPR_241511078_2C_HisyamKhaeruUmam\system\BaseModel.php(677): CodeIgniter\Model->doFindAll(0, 0)
#5 C:\Users\Lenovo\OneDrive - Politeknik Negeri Bandung\Personal Document\JTK\Semester-3\Proyek-3\Proyek-3\ETS\DPR_241511078_2C_HisyamKhaeruUmam\app\Controllers\PenggajianController.php(20): CodeIgniter\BaseModel->findAll()
#6 C:\Users\Lenovo\OneDrive - Politeknik Negeri Bandung\Personal Document\JTK\Semester-3\Proyek-3\Proyek-3\ETS\DPR_241511078_2C_HisyamKhaeruUmam\system\CodeIgniter.php(933): App\Controllers\PenggajianController->index()
#7 C:\Users\Lenovo\OneDrive - Politeknik Negeri Bandung\Personal Document\JTK\Semester-3\Proyek-3\Proyek-3\ETS\DPR_241511078_2C_HisyamKhaeruUmam\system\CodeIgniter.php(507): CodeIgniter\CodeIgniter->runController(Object(App\Controllers\PenggajianController))
#8 C:\Users\Lenovo\OneDrive - Politeknik Negeri Bandung\Personal Document\JTK\Semester-3\Proyek-3\Proyek-3\ETS\DPR_241511078_2C_HisyamKhaeruUmam\system\CodeIgniter.php(354): CodeIgniter\CodeIgniter->handleRequest(NULL, Object(Config\Cache), false)
#9 C:\Users\Lenovo\OneDrive - Politeknik Negeri Bandung\Personal Document\JTK\Semester-3\Proyek-3\Proyek-3\ETS\DPR_241511078_2C_HisyamKhaeruUmam\system\Boot.php(363): CodeIgniter\CodeIgniter->run()
#10 C:\Users\Lenovo\OneDrive - Politeknik Negeri Bandung\Personal Document\JTK\Semester-3\Proyek-3\Proyek-3\ETS\DPR_241511078_2C_HisyamKhaeruUmam\system\Boot.php(68): CodeIgniter\Boot::runCodeIgniter(Object(CodeIgniter\CodeIgniter))
#11 C:\Users\Lenovo\OneDrive - Politeknik Negeri Bandung\Personal Document\JTK\Semester-3\Proyek-3\Proyek-3\ETS\DPR_241511078_2C_HisyamKhaeruUmam\public\index.php(59): CodeIgniter\Boot::bootWeb(Object(Config\Paths))
#12 C:\Users\Lenovo\OneDrive - Politeknik Negeri Bandung\Personal Document\JTK\Semester-3\Proyek-3\Proyek-3\ETS\DPR_241511078_2C_HisyamKhaeruUmam\system\rewrite.php(44): require_once('C:\\Users\\Lenovo...')
#13 {main}
CRITICAL - 2025-10-03 16:20:05 --> CodeIgniter\Database\Exceptions\DatabaseException: Unable to connect to the database.
Main connection [MySQLi]: No connection could be made because the target machine actively refused it
[Method: GET, Route: penggajian]
in SYSTEMPATH\Database\BaseConnection.php on line 465.
 1 SYSTEMPATH\Database\BaseConnection.php(614): CodeIgniter\Database\BaseConnection->initialize()
 2 SYSTEMPATH\Database\BaseBuilder.php(1649): CodeIgniter\Database\BaseConnection->query('SELECT *
FROM `anggota`', [], false)
 3 SYSTEMPATH\Model.php(286): CodeIgniter\Database\BaseBuilder->get()
 4 SYSTEMPATH\BaseModel.php(677): CodeIgniter\Model->doFindAll(0, 0)
 5 APPPATH\Controllers\PenggajianController.php(20): CodeIgniter\BaseModel->findAll()
 6 SYSTEMPATH\CodeIgniter.php(933): App\Controllers\PenggajianController->index()
 7 SYSTEMPATH\CodeIgniter.php(507): CodeIgniter\CodeIgniter->runController(Object(App\Controllers\PenggajianController))
 8 SYSTEMPATH\CodeIgniter.php(354): CodeIgniter\CodeIgniter->handleRequest(null, Object(Config\Cache), false)
 9 SYSTEMPATH\Boot.php(363): CodeIgniter\CodeIgniter->run()
10 SYSTEMPATH\Boot.php(68): CodeIgniter\Boot::runCodeIgniter(Object(CodeIgniter\CodeIgniter))
11 FCPATH\index.php(59): CodeIgniter\Boot::bootWeb(Object(Config\Paths))
12 SYSTEMPATH\rewrite.php(44): require_once('C:\\Users\\Lenovo\\OneDrive - Politeknik Negeri Bandung\\Personal Document\\JTK\\Semester-3\\Proyek-3\\Proyek-3\\ETS\\DPR_241511078_2C_HisyamKhaeruUmam\\public\\index.php')
DEBUG - 2025-10-03 16:20:09 --> Session: Class initialized using 'CodeIgniter\Session\Handlers\FileHandler' driver.
ERROR - 2025-10-03 16:20:13 --> Error connecting to the database: mysqli_sql_exception: No connection could be made because the target machine actively refused it in C:\Users\Lenovo\OneDrive - Politeknik Negeri Bandung\Personal Document\JTK\Semester-3\Proyek-3\Proyek-3\ETS\DPR_241511078_2C_HisyamKhaeruUmam\system\Database\MySQLi\Connection.php:201
Stack trace:
#0 C:\Users\Lenovo\OneDrive - Politeknik Negeri Bandung\Personal Document\JTK\Semester-3\Proyek-3\Proyek-3\ETS\DPR_241511078_2C_HisyamKhaeruUmam\system\Database\MySQLi\Connection.php(201): mysqli->real_connect('localhost', 'root', Object(SensitiveParameterValue), 'gaji_dpr_db', 3306, '', 0)
#1 C:\Users\Lenovo\OneDrive - Politeknik Negeri Bandung\Personal Document\JTK\Semester-3\Proyek-3\Proyek-3\ETS\DPR_241511078_2C_HisyamKhaeruUmam\system\Database\BaseConnection.php(419): CodeIgniter\Database\MySQLi\Connection->connect(false)
#2 C:\Users\Lenovo\OneDrive - Politeknik Negeri Bandung\Personal Document\JTK\Semester-3\Proyek-3\Proyek-3\ETS\DPR_241511078_2C_HisyamKhaeruUmam\system\Database\BaseConnection.php(614): CodeIgniter\Database\BaseConnection->initialize()
#3 C:\Users\Lenovo\OneDrive - Politeknik Negeri Bandung\Personal Document\JTK\Semester-3\Proyek-3\Proyek-3\ETS\DPR_241511078_2C_HisyamKhaeruUmam\system\Database\BaseBuilder.php(1649): CodeIgniter\Database\BaseConnection->query('SELECT *\nFROM `...', Array, false)
#4 C:\Users\Lenovo\OneDrive - Politeknik Negeri Bandung\Personal Document\JTK\Semester-3\Proyek-3\Proyek-3\ETS\DPR_241511078_2C_HisyamKhaeruUmam\system\Model.php(286): CodeIgniter\Database\BaseBuilder->get()
#5 C:\Users\Lenovo\OneDrive - Politeknik Negeri Bandung\Personal Document\JTK\Semester-3\Proyek-3\Proyek-3\ETS\DPR_241511078_2C_HisyamKhaeruUmam\system\BaseModel.php(677): CodeIgniter\Model->doFindAll(0, 0)
#6 C:\Users\Lenovo\OneDrive - Politeknik Negeri Bandung\Personal Document\JTK\Semester-3\Proyek-3\Proyek-3\ETS\DPR_241511078_2C_HisyamKhaeruUmam\app\Controllers\PenggajianController.php(20): CodeIgniter\BaseModel->findAll()
#7 C:\Users\Lenovo\OneDrive - Politeknik Negeri Bandung\Personal Document\JTK\Semester-3\Proyek-3\Proyek-3\ETS\DPR_241511078_2C_HisyamKhaeruUmam\system\CodeIgniter.php(933): App\Controllers\PenggajianController->index()
#8 C:\Users\Lenovo\OneDrive - Politeknik Negeri Bandung\Personal Document\JTK\Semester-3\Proyek-3\Proyek-3\ETS\DPR_241511078_2C_HisyamKhaeruUmam\system\CodeIgniter.php(507): CodeIgniter\CodeIgniter->runController(Object(App\Controllers\PenggajianController))
#9 C:\Users\Lenovo\OneDrive - Politeknik Negeri Bandung\Personal Document\JTK\Semester-3\Proyek-3\Proyek-3\ETS\DPR_241511078_2C_HisyamKhaeruUmam\system\CodeIgniter.php(354): CodeIgniter\CodeIgniter->handleRequest(NULL, Object(Config\Cache), false)
#10 C:\Users\Lenovo\OneDrive - Politeknik Negeri Bandung\Personal Document\JTK\Semester-3\Proyek-3\Proyek-3\ETS\DPR_241511078_2C_HisyamKhaeruUmam\system\Boot.php(363): CodeIgniter\CodeIgniter->run()
#11 C:\Users\Lenovo\OneDrive - Politeknik Negeri Bandung\Personal Document\JTK\Semester-3\Proyek-3\Proyek-3\ETS\DPR_241511078_2C_HisyamKhaeruUmam\system\Boot.php(68): CodeIgniter\Boot::runCodeIgniter(Object(CodeIgniter\CodeIgniter))
#12 C:\Users\Lenovo\OneDrive - Politeknik Negeri Bandung\Personal Document\JTK\Semester-3\Proyek-3\Proyek-3\ETS\DPR_241511078_2C_HisyamKhaeruUmam\public\index.php(59): CodeIgniter\Boot::bootWeb(Object(Config\Paths))
#13 C:\Users\Lenovo\OneDrive - Politeknik Negeri Bandung\Personal Document\JTK\Semester-3\Proyek-3\Proyek-3\ETS\DPR_241511078_2C_HisyamKhaeruUmam\system\rewrite.php(44): require_once('C:\\Users\\Lenovo...')
#14 {main}

Next CodeIgniter\Database\Exceptions\DatabaseException: No connection could be made because the target machine actively refused it in C:\Users\Lenovo\OneDrive - Politeknik Negeri Bandung\Personal Document\JTK\Semester-3\Proyek-3\Proyek-3\ETS\DPR_241511078_2C_HisyamKhaeruUmam\system\Database\MySQLi\Connection.php:246
Stack trace:
#0 C:\Users\Lenovo\OneDrive - Politeknik Negeri Bandung\Personal Document\JTK\Semester-3\Proyek-3\Proyek-3\ETS\DPR_241511078_2C_HisyamKhaeruUmam\system\Database\BaseConnection.php(419): CodeIgniter\Database\MySQLi\Connection->connect(false)
#1 C:\Users\Lenovo\OneDrive - Politeknik Negeri Bandung\Personal Document\JTK\Semester-3\Proyek-3\Proyek-3\ETS\DPR_241511078_2C_HisyamKhaeruUmam\system\Database\BaseConnection.php(614): CodeIgniter\Database\BaseConnection->initialize()
#2 C:\Users\Lenovo\OneDrive - Politeknik Negeri Bandung\Personal Document\JTK\Semester-3\Proyek-3\Proyek-3\ETS\DPR_241511078_2C_HisyamKhaeruUmam\system\Database\BaseBuilder.php(1649): CodeIgniter\Database\BaseConnection->query('SELECT *\nFROM `...', Array, false)
#3 C:\Users\Lenovo\OneDrive - Politeknik Negeri Bandung\Personal Document\JTK\Semester-3\Proyek-3\Proyek-3\ETS\DPR_241511078_2C_HisyamKhaeruUmam\system\Model.php(286): CodeIgniter\Database\BaseBuilder->get()
#4 C:\Users\Lenovo\OneDrive - Politeknik Negeri Bandung\Personal Document\JTK\Semester-3\Proyek-3\Proyek-3\ETS\DPR_241511078_2C_HisyamKhaeruUmam\system\BaseModel.php(677): CodeIgniter\Model->doFindAll(0, 0)
#5 C:\Users\Lenovo\OneDrive - Politeknik Negeri Bandung\Personal Document\JTK\Semester-3\Proyek-3\Proyek-3\ETS\DPR_241511078_2C_HisyamKhaeruUmam\app\Controllers\PenggajianController.php(20): CodeIgniter\BaseModel->findAll()
#6 C:\Users\Lenovo\OneDrive - Politeknik Negeri Bandung\Personal Document\JTK\Semester-3\Proyek-3\Proyek-3\ETS\DPR_241511078_2C_HisyamKhaeruUmam\system\CodeIgniter.php(933): App\Controllers\PenggajianController->index()
#7 C:\Users\Lenovo\OneDrive - Politeknik Negeri Bandung\Personal Document\JTK\Semester-3\Proyek-3\Proyek-3\ETS\DPR_241511078_2C_HisyamKhaeruUmam\system\CodeIgniter.php(507): CodeIgniter\CodeIgniter->runController(Object(App\Controllers\PenggajianController))
#8 C:\Users\Lenovo\OneDrive - Politeknik Negeri Bandung\Personal Document\JTK\Semester-3\Proyek-3\Proyek-3\ETS\DPR_241511078_2C_HisyamKhaeruUmam\system\CodeIgniter.php(354): CodeIgniter\CodeIgniter->handleRequest(NULL, Object(Config\Cache), false)
#9 C:\Users\Lenovo\OneDrive - Politeknik Negeri Bandung\Personal Document\JTK\Semester-3\Proyek-3\Proyek-3\ETS\DPR_241511078_2C_HisyamKhaeruUmam\system\Boot.php(363): CodeIgniter\CodeIgniter->run()
#10 C:\Users\Lenovo\OneDrive - Politeknik Negeri Bandung\Personal Document\JTK\Semester-3\Proyek-3\Proyek-3\ETS\DPR_241511078_2C_HisyamKhaeruUmam\system\Boot.php(68): CodeIgniter\Boot::runCodeIgniter(Object(CodeIgniter\CodeIgniter))
#11 C:\Users\Lenovo\OneDrive - Politeknik Negeri Bandung\Personal Document\JTK\Semester-3\Proyek-3\Proyek-3\ETS\DPR_241511078_2C_HisyamKhaeruUmam\public\index.php(59): CodeIgniter\Boot::bootWeb(Object(Config\Paths))
#12 C:\Users\Lenovo\OneDrive - Politeknik Negeri Bandung\Personal Document\JTK\Semester-3\Proyek-3\Proyek-3\ETS\DPR_241511078_2C_HisyamKhaeruUmam\system\rewrite.php(44): require_once('C:\\Users\\Lenovo...')
#13 {main}
CRITICAL - 2025-10-03 16:20:13 --> CodeIgniter\Database\Exceptions\DatabaseException: Unable to connect to the database.
Main connection [MySQLi]: No connection could be made because the target machine actively refused it
[Method: GET, Route: penggajian]
in SYSTEMPATH\Database\BaseConnection.php on line 465.
 1 SYSTEMPATH\Database\BaseConnection.php(614): CodeIgniter\Database\BaseConnection->initialize()
 2 SYSTEMPATH\Database\BaseBuilder.php(1649): CodeIgniter\Database\BaseConnection->query('SELECT *
FROM `anggota`', [], false)
 3 SYSTEMPATH\Model.php(286): CodeIgniter\Database\BaseBuilder->get()
 4 SYSTEMPATH\BaseModel.php(677): CodeIgniter\Model->doFindAll(0, 0)
 5 APPPATH\Controllers\PenggajianController.php(20): CodeIgniter\BaseModel->findAll()
 6 SYSTEMPATH\CodeIgniter.php(933): App\Controllers\PenggajianController->index()
 7 SYSTEMPATH\CodeIgniter.php(507): CodeIgniter\CodeIgniter->runController(Object(App\Controllers\PenggajianController))
 8 SYSTEMPATH\CodeIgniter.php(354): CodeIgniter\CodeIgniter->handleRequest(null, Object(Config\Cache), false)
 9 SYSTEMPATH\Boot.php(363): CodeIgniter\CodeIgniter->run()
10 SYSTEMPATH\Boot.php(68): CodeIgniter\Boot::runCodeIgniter(Object(CodeIgniter\CodeIgniter))
11 FCPATH\index.php(59): CodeIgniter\Boot::bootWeb(Object(Config\Paths))
12 SYSTEMPATH\rewrite.php(44): require_once('C:\\Users\\Lenovo\\OneDrive - Politeknik Negeri Bandung\\Personal Document\\JTK\\Semester-3\\Proyek-3\\Proyek-3\\ETS\\DPR_241511078_2C_HisyamKhaeruUmam\\public\\index.php')
DEBUG - 2025-10-03 16:20:25 --> Session: Class initialized using 'CodeIgniter\Session\Handlers\FileHandler' driver.
DEBUG - 2025-10-03 16:20:26 --> Session: Class initialized using 'CodeIgniter\Session\Handlers\FileHandler' driver.
DEBUG - 2025-10-03 16:20:27 --> Session: Class initialized using 'CodeIgniter\Session\Handlers\FileHandler' driver.
DEBUG - 2025-10-03 16:20:48 --> Session: Class initialized using 'CodeIgniter\Session\Handlers\FileHandler' driver.
DEBUG - 2025-10-03 16:20:48 --> Session: Class initialized using 'CodeIgniter\Session\Handlers\FileHandler' driver.
DEBUG - 2025-10-03 16:21:09 --> Session: Class initialized using 'CodeIgniter\Session\Handlers\FileHandler' driver.
DEBUG - 2025-10-03 16:21:09 --> Session: Class initialized using 'CodeIgniter\Session\Handlers\FileHandler' driver.
DEBUG - 2025-10-03 16:21:11 --> Session: Class initialized using 'CodeIgniter\Session\Handlers\FileHandler' driver.
DEBUG - 2025-10-03 16:21:12 --> Session: Class initialized using 'CodeIgniter\Session\Handlers\FileHandler' driver.
DEBUG - 2025-10-03 16:21:16 --> Session: Class initialized using 'CodeIgniter\Session\Handlers\FileHandler' driver.
DEBUG - 2025-10-03 16:21:18 --> Session: Class initialized using 'CodeIgniter\Session\Handlers\FileHandler' driver.
DEBUG - 2025-10-03 16:21:20 --> Session: Class initialized using 'CodeIgniter\Session\Handlers\FileHandler' driver.
DEBUG - 2025-10-03 16:21:21 --> Session: Class initialized using 'CodeIgniter\Session\Handlers\FileHandler' driver.
DEBUG - 2025-10-03 16:21:22 --> Session: Class initialized using 'CodeIgniter\Session\Handlers\FileHandler' driver.
DEBUG - 2025-10-03 16:21:28 --> Session: Class initialized using 'CodeIgniter\Session\Handlers\FileHandler' driver.
DEBUG - 2025-10-03 16:21:31 --> Session: Class initialized using 'CodeIgniter\Session\Handlers\FileHandler' driver.
DEBUG - 2025-10-03 16:21:33 --> Session: Class initialized using 'CodeIgniter\Session\Handlers\FileHandler' driver.
DEBUG - 2025-10-03 16:21:34 --> Session: Class initialized using 'CodeIgniter\Session\Handlers\FileHandler' driver.
DEBUG - 2025-10-03 16:21:35 --> Session: Class initialized using 'CodeIgniter\Session\Handlers\FileHandler' driver.
DEBUG - 2025-10-03 16:21:36 --> Session: Class initialized using 'CodeIgniter\Session\Handlers\FileHandler' driver.
DEBUG - 2025-10-03 16:21:39 --> Session: Class initialized using 'CodeIgniter\Session\Handlers\FileHandler' driver.
DEBUG - 2025-10-03 16:22:07 --> Session: Class initialized using 'CodeIgniter\Session\Handlers\FileHandler' driver.
DEBUG - 2025-10-03 16:23:51 --> Session: Class initialized using 'CodeIgniter\Session\Handlers\FileHandler' driver.
DEBUG - 2025-10-03 16:23:53 --> Session: Class initialized using 'CodeIgniter\Session\Handlers\FileHandler' driver.
DEBUG - 2025-10-03 16:23:55 --> Session: Class initialized using 'CodeIgniter\Session\Handlers\FileHandler' driver.
DEBUG - 2025-10-03 16:23:56 --> Session: Class initialized using 'CodeIgniter\Session\Handlers\FileHandler' driver.
DEBUG - 2025-10-03 16:23:57 --> Session: Class initialized using 'CodeIgniter\Session\Handlers\FileHandler' driver.
DEBUG - 2025-10-03 16:23:59 --> Session: Class initialized using 'CodeIgniter\Session\Handlers\FileHandler' driver.
DEBUG - 2025-10-03 16:24:00 --> Session: Class initialized using 'CodeIgniter\Session\Handlers\FileHandler' driver.
DEBUG - 2025-10-03 16:24:12 --> Session: Class initialized using 'CodeIgniter\Session\Handlers\FileHandler' driver.
DEBUG - 2025-10-03 16:24:12 --> Session: Class initialized using 'CodeIgniter\Session\Handlers\FileHandler' driver.
DEBUG - 2025-10-03 16:24:38 --> Session: Class initialized using 'CodeIgniter\Session\Handlers\FileHandler' driver.
DEBUG - 2025-10-03 16:24:38 --> Session: Class initialized using 'CodeIgniter\Session\Handlers\FileHandler' driver.
DEBUG - 2025-10-03 16:24:43 --> Session: Class initialized using 'CodeIgniter\Session\Handlers\FileHandler' driver.
DEBUG - 2025-10-03 16:24:43 --> Session: Class initialized using 'CodeIgniter\Session\Handlers\FileHandler' driver.
DEBUG - 2025-10-03 16:24:45 --> Session: Class initialized using 'CodeIgniter\Session\Handlers\FileHandler' driver.
DEBUG - 2025-10-03 16:24:45 --> Session: Class initialized using 'CodeIgniter\Session\Handlers\FileHandler' driver.
DEBUG - 2025-10-03 16:24:47 --> Session: Class initialized using 'CodeIgniter\Session\Handlers\FileHandler' driver.
DEBUG - 2025-10-03 16:24:48 --> Session: Class initialized using 'CodeIgniter\Session\Handlers\FileHandler' driver.
DEBUG - 2025-10-03 16:24:48 --> Session: Class initialized using 'CodeIgniter\Session\Handlers\FileHandler' driver.
DEBUG - 2025-10-03 16:24:49 --> Session: Class initialized using 'CodeIgniter\Session\Handlers\FileHandler' driver.
DEBUG - 2025-10-03 16:29:09 --> Session: Class initialized using 'CodeIgniter\Session\Handlers\FileHandler' driver.
DEBUG - 2025-10-03 16:29:09 --> Session: Class initialized using 'CodeIgniter\Session\Handlers\FileHandler' driver.
DEBUG - 2025-10-03 16:29:21 --> Session: Class initialized using 'CodeIgniter\Session\Handlers\FileHandler' driver.
DEBUG - 2025-10-03 16:29:21 --> Session: Class initialized using 'CodeIgniter\Session\Handlers\FileHandler' driver.
DEBUG - 2025-10-03 16:29:23 --> Session: Class initialized using 'CodeIgniter\Session\Handlers\FileHandler' driver.
DEBUG - 2025-10-03 16:29:24 --> Session: Class initialized using 'CodeIgniter\Session\Handlers\FileHandler' driver.
DEBUG - 2025-10-03 16:29:25 --> Session: Class initialized using 'CodeIgniter\Session\Handlers\FileHandler' driver.
DEBUG - 2025-10-03 16:29:28 --> Session: Class initialized using 'CodeIgniter\Session\Handlers\FileHandler' driver.
DEBUG - 2025-10-03 16:29:31 --> Session: Class initialized using 'CodeIgniter\Session\Handlers\FileHandler' driver.
DEBUG - 2025-10-03 16:29:33 --> Session: Class initialized using 'CodeIgniter\Session\Handlers\FileHandler' driver.
DEBUG - 2025-10-03 16:29:35 --> Session: Class initialized using 'CodeIgniter\Session\Handlers\FileHandler' driver.
DEBUG - 2025-10-03 16:29:37 --> Session: Class initialized using 'CodeIgniter\Session\Handlers\FileHandler' driver.
DEBUG - 2025-10-03 16:29:38 --> Session: Class initialized using 'CodeIgniter\Session\Handlers\FileHandler' driver.
DEBUG - 2025-10-03 16:29:39 --> Session: Class initialized using 'CodeIgniter\Session\Handlers\FileHandler' driver.
DEBUG - 2025-10-03 16:29:43 --> Session: Class initialized using 'CodeIgniter\Session\Handlers\FileHandler' driver.
DEBUG - 2025-10-03 16:29:53 --> Session: Class initialized using 'CodeIgniter\Session\Handlers\FileHandler' driver.
DEBUG - 2025-10-03 16:29:54 --> Session: Class initialized using 'CodeIgniter\Session\Handlers\FileHandler' driver.
DEBUG - 2025-10-03 16:29:54 --> Session: Class initialized using 'CodeIgniter\Session\Handlers\FileHandler' driver.
DEBUG - 2025-10-03 16:29:57 --> Session: Class initialized using 'CodeIgniter\Session\Handlers\FileHandler' driver.
DEBUG - 2025-10-03 16:45:09 --> Session: Class initialized using 'CodeIgniter\Session\Handlers\FileHandler' driver.
CRITICAL - 2025-10-03 16:45:09 --> CodeIgniter\View\Exceptions\ViewException: Invalid file: "penggajian_index_view.php"
[Method: GET, Route: penggajian]
in SYSTEMPATH\Exceptions\FrameworkException.php on line 39.
 1 SYSTEMPATH\View\View.php(214): CodeIgniter\Exceptions\FrameworkException::forInvalidFile('penggajian_index_view.php')
 2 SYSTEMPATH\Common.php(1167): CodeIgniter\View\View->render('penggajian_index_view', [], true)
 3 APPPATH\Controllers\PenggajianController.php(63): view('penggajian_index_view', [...])
 4 SYSTEMPATH\CodeIgniter.php(933): App\Controllers\PenggajianController->index()
 5 SYSTEMPATH\CodeIgniter.php(507): CodeIgniter\CodeIgniter->runController(Object(App\Controllers\PenggajianController))
 6 SYSTEMPATH\CodeIgniter.php(354): CodeIgniter\CodeIgniter->handleRequest(null, Object(Config\Cache), false)
 7 SYSTEMPATH\Boot.php(363): CodeIgniter\CodeIgniter->run()
 8 SYSTEMPATH\Boot.php(68): CodeIgniter\Boot::runCodeIgniter(Object(CodeIgniter\CodeIgniter))
 9 FCPATH\index.php(59): CodeIgniter\Boot::bootWeb(Object(Config\Paths))
10 SYSTEMPATH\rewrite.php(44): require_once('C:\\Users\\Lenovo\\OneDrive - Politeknik Negeri Bandung\\Personal Document\\JTK\\Semester-3\\Proyek-3\\Proyek-3\\ETS\\DPR_241511078_2C_HisyamKhaeruUmam\\public\\index.php')
DEBUG - 2025-10-03 16:53:27 --> Session: Class initialized using 'CodeIgniter\Session\Handlers\FileHandler' driver.
CRITICAL - 2025-10-03 16:53:27 --> CodeIgniter\View\Exceptions\ViewException: Invalid file: "penggajian_index_view.php"
[Method: GET, Route: penggajian]
in SYSTEMPATH\Exceptions\FrameworkException.php on line 39.
 1 SYSTEMPATH\View\View.php(214): CodeIgniter\Exceptions\FrameworkException::forInvalidFile('penggajian_index_view.php')
 2 SYSTEMPATH\Common.php(1167): CodeIgniter\View\View->render('penggajian_index_view', [], true)
 3 APPPATH\Controllers\PenggajianController.php(31): view('penggajian_index_view', [...])
 4 SYSTEMPATH\CodeIgniter.php(933): App\Controllers\PenggajianController->index()
 5 SYSTEMPATH\CodeIgniter.php(507): CodeIgniter\CodeIgniter->runController(Object(App\Controllers\PenggajianController))
 6 SYSTEMPATH\CodeIgniter.php(354): CodeIgniter\CodeIgniter->handleRequest(null, Object(Config\Cache), false)
 7 SYSTEMPATH\Boot.php(363): CodeIgniter\CodeIgniter->run()
 8 SYSTEMPATH\Boot.php(68): CodeIgniter\Boot::runCodeIgniter(Object(CodeIgniter\CodeIgniter))
 9 FCPATH\index.php(59): CodeIgniter\Boot::bootWeb(Object(Config\Paths))
10 SYSTEMPATH\rewrite.php(44): require_once('C:\\Users\\Lenovo\\OneDrive - Politeknik Negeri Bandung\\Personal Document\\JTK\\Semester-3\\Proyek-3\\Proyek-3\\ETS\\DPR_241511078_2C_HisyamKhaeruUmam\\public\\index.php')
DEBUG - 2025-10-03 16:53:28 --> Session: Class initialized using 'CodeIgniter\Session\Handlers\FileHandler' driver.
DEBUG - 2025-10-03 16:53:33 --> Session: Class initialized using 'CodeIgniter\Session\Handlers\FileHandler' driver.
CRITICAL - 2025-10-03 16:53:33 --> CodeIgniter\View\Exceptions\ViewException: Invalid file: "penggajian_index_view.php"
[Method: GET, Route: penggajian]
in SYSTEMPATH\Exceptions\FrameworkException.php on line 39.
 1 SYSTEMPATH\View\View.php(214): CodeIgniter\Exceptions\FrameworkException::forInvalidFile('penggajian_index_view.php')
 2 SYSTEMPATH\Common.php(1167): CodeIgniter\View\View->render('penggajian_index_view', [], true)
 3 APPPATH\Controllers\PenggajianController.php(31): view('penggajian_index_view', [...])
 4 SYSTEMPATH\CodeIgniter.php(933): App\Controllers\PenggajianController->index()
 5 SYSTEMPATH\CodeIgniter.php(507): CodeIgniter\CodeIgniter->runController(Object(App\Controllers\PenggajianController))
 6 SYSTEMPATH\CodeIgniter.php(354): CodeIgniter\CodeIgniter->handleRequest(null, Object(Config\Cache), false)
 7 SYSTEMPATH\Boot.php(363): CodeIgniter\CodeIgniter->run()
 8 SYSTEMPATH\Boot.php(68): CodeIgniter\Boot::runCodeIgniter(Object(CodeIgniter\CodeIgniter))
 9 FCPATH\index.php(59): CodeIgniter\Boot::bootWeb(Object(Config\Paths))
10 SYSTEMPATH\rewrite.php(44): require_once('C:\\Users\\Lenovo\\OneDrive - Politeknik Negeri Bandung\\Personal Document\\JTK\\Semester-3\\Proyek-3\\Proyek-3\\ETS\\DPR_241511078_2C_HisyamKhaeruUmam\\public\\index.php')
DEBUG - 2025-10-03 16:53:41 --> Session: Class initialized using 'CodeIgniter\Session\Handlers\FileHandler' driver.
CRITICAL - 2025-10-03 16:53:41 --> CodeIgniter\View\Exceptions\ViewException: Invalid file: "penggajian_index_view.php"
[Method: GET, Route: penggajian]
in SYSTEMPATH\Exceptions\FrameworkException.php on line 39.
 1 SYSTEMPATH\View\View.php(214): CodeIgniter\Exceptions\FrameworkException::forInvalidFile('penggajian_index_view.php')
 2 SYSTEMPATH\Common.php(1167): CodeIgniter\View\View->render('penggajian_index_view', [], true)
 3 APPPATH\Controllers\PenggajianController.php(31): view('penggajian_index_view', [...])
 4 SYSTEMPATH\CodeIgniter.php(933): App\Controllers\PenggajianController->index()
 5 SYSTEMPATH\CodeIgniter.php(507): CodeIgniter\CodeIgniter->runController(Object(App\Controllers\PenggajianController))
 6 SYSTEMPATH\CodeIgniter.php(354): CodeIgniter\CodeIgniter->handleRequest(null, Object(Config\Cache), false)
 7 SYSTEMPATH\Boot.php(363): CodeIgniter\CodeIgniter->run()
 8 SYSTEMPATH\Boot.php(68): CodeIgniter\Boot::runCodeIgniter(Object(CodeIgniter\CodeIgniter))
 9 FCPATH\index.php(59): CodeIgniter\Boot::bootWeb(Object(Config\Paths))
10 SYSTEMPATH\rewrite.php(44): require_once('C:\\Users\\Lenovo\\OneDrive - Politeknik Negeri Bandung\\Personal Document\\JTK\\Semester-3\\Proyek-3\\Proyek-3\\ETS\\DPR_241511078_2C_HisyamKhaeruUmam\\public\\index.php')
DEBUG - 2025-10-03 16:53:41 --> Session: Class initialized using 'CodeIgniter\Session\Handlers\FileHandler' driver.
CRITICAL - 2025-10-03 16:53:41 --> CodeIgniter\View\Exceptions\ViewException: Invalid file: "penggajian_index_view.php"
[Method: GET, Route: penggajian]
in SYSTEMPATH\Exceptions\FrameworkException.php on line 39.
 1 SYSTEMPATH\View\View.php(214): CodeIgniter\Exceptions\FrameworkException::forInvalidFile('penggajian_index_view.php')
 2 SYSTEMPATH\Common.php(1167): CodeIgniter\View\View->render('penggajian_index_view', [], true)
 3 APPPATH\Controllers\PenggajianController.php(31): view('penggajian_index_view', [...])
 4 SYSTEMPATH\CodeIgniter.php(933): App\Controllers\PenggajianController->index()
 5 SYSTEMPATH\CodeIgniter.php(507): CodeIgniter\CodeIgniter->runController(Object(App\Controllers\PenggajianController))
 6 SYSTEMPATH\CodeIgniter.php(354): CodeIgniter\CodeIgniter->handleRequest(null, Object(Config\Cache), false)
 7 SYSTEMPATH\Boot.php(363): CodeIgniter\CodeIgniter->run()
 8 SYSTEMPATH\Boot.php(68): CodeIgniter\Boot::runCodeIgniter(Object(CodeIgniter\CodeIgniter))
 9 FCPATH\index.php(59): CodeIgniter\Boot::bootWeb(Object(Config\Paths))
10 SYSTEMPATH\rewrite.php(44): require_once('C:\\Users\\Lenovo\\OneDrive - Politeknik Negeri Bandung\\Personal Document\\JTK\\Semester-3\\Proyek-3\\Proyek-3\\ETS\\DPR_241511078_2C_HisyamKhaeruUmam\\public\\index.php')
DEBUG - 2025-10-03 16:53:44 --> Session: Class initialized using 'CodeIgniter\Session\Handlers\FileHandler' driver.
CRITICAL - 2025-10-03 16:53:44 --> CodeIgniter\View\Exceptions\ViewException: Invalid file: "penggajian_index_view.php"
[Method: GET, Route: penggajian]
in SYSTEMPATH\Exceptions\FrameworkException.php on line 39.
 1 SYSTEMPATH\View\View.php(214): CodeIgniter\Exceptions\FrameworkException::forInvalidFile('penggajian_index_view.php')
 2 SYSTEMPATH\Common.php(1167): CodeIgniter\View\View->render('penggajian_index_view', [], true)
 3 APPPATH\Controllers\PenggajianController.php(31): view('penggajian_index_view', [...])
 4 SYSTEMPATH\CodeIgniter.php(933): App\Controllers\PenggajianController->index()
 5 SYSTEMPATH\CodeIgniter.php(507): CodeIgniter\CodeIgniter->runController(Object(App\Controllers\PenggajianController))
 6 SYSTEMPATH\CodeIgniter.php(354): CodeIgniter\CodeIgniter->handleRequest(null, Object(Config\Cache), false)
 7 SYSTEMPATH\Boot.php(363): CodeIgniter\CodeIgniter->run()
 8 SYSTEMPATH\Boot.php(68): CodeIgniter\Boot::runCodeIgniter(Object(CodeIgniter\CodeIgniter))
 9 FCPATH\index.php(59): CodeIgniter\Boot::bootWeb(Object(Config\Paths))
10 SYSTEMPATH\rewrite.php(44): require_once('C:\\Users\\Lenovo\\OneDrive - Politeknik Negeri Bandung\\Personal Document\\JTK\\Semester-3\\Proyek-3\\Proyek-3\\ETS\\DPR_241511078_2C_HisyamKhaeruUmam\\public\\index.php')
DEBUG - 2025-10-03 16:54:32 --> Session: Class initialized using 'CodeIgniter\Session\Handlers\FileHandler' driver.
DEBUG - 2025-10-03 16:54:35 --> Session: Class initialized using 'CodeIgniter\Session\Handlers\FileHandler' driver.
DEBUG - 2025-10-03 16:54:36 --> Session: Class initialized using 'CodeIgniter\Session\Handlers\FileHandler' driver.
DEBUG - 2025-10-03 16:54:37 --> Session: Class initialized using 'CodeIgniter\Session\Handlers\FileHandler' driver.
DEBUG - 2025-10-03 16:54:38 --> Session: Class initialized using 'CodeIgniter\Session\Handlers\FileHandler' driver.
DEBUG - 2025-10-03 16:54:38 --> Session: Class initialized using 'CodeIgniter\Session\Handlers\FileHandler' driver.
DEBUG - 2025-10-03 16:54:53 --> Session: Class initialized using 'CodeIgniter\Session\Handlers\FileHandler' driver.
DEBUG - 2025-10-03 16:54:58 --> Session: Class initialized using 'CodeIgniter\Session\Handlers\FileHandler' driver.
DEBUG - 2025-10-03 16:54:59 --> Session: Class initialized using 'CodeIgniter\Session\Handlers\FileHandler' driver.
DEBUG - 2025-10-03 16:55:10 --> Session: Class initialized using 'CodeIgniter\Session\Handlers\FileHandler' driver.
DEBUG - 2025-10-03 16:55:11 --> Session: Class initialized using 'CodeIgniter\Session\Handlers\FileHandler' driver.
DEBUG - 2025-10-03 16:55:12 --> Session: Class initialized using 'CodeIgniter\Session\Handlers\FileHandler' driver.
DEBUG - 2025-10-03 16:55:22 --> Session: Class initialized using 'CodeIgniter\Session\Handlers\FileHandler' driver.
DEBUG - 2025-10-03 16:55:29 --> Session: Class initialized using 'CodeIgniter\Session\Handlers\FileHandler' driver.
DEBUG - 2025-10-03 16:55:31 --> Session: Class initialized using 'CodeIgniter\Session\Handlers\FileHandler' driver.
DEBUG - 2025-10-03 16:55:41 --> Session: Class initialized using 'CodeIgniter\Session\Handlers\FileHandler' driver.
DEBUG - 2025-10-03 16:55:42 --> Session: Class initialized using 'CodeIgniter\Session\Handlers\FileHandler' driver.
DEBUG - 2025-10-03 16:55:43 --> Session: Class initialized using 'CodeIgniter\Session\Handlers\FileHandler' driver.
DEBUG - 2025-10-03 16:55:48 --> Session: Class initialized using 'CodeIgniter\Session\Handlers\FileHandler' driver.
DEBUG - 2025-10-03 16:55:50 --> Session: Class initialized using 'CodeIgniter\Session\Handlers\FileHandler' driver.
DEBUG - 2025-10-03 16:55:51 --> Session: Class initialized using 'CodeIgniter\Session\Handlers\FileHandler' driver.
DEBUG - 2025-10-03 16:55:52 --> Session: Class initialized using 'CodeIgniter\Session\Handlers\FileHandler' driver.
DEBUG - 2025-10-03 17:06:10 --> Session: Class initialized using 'CodeIgniter\Session\Handlers\FileHandler' driver.
DEBUG - 2025-10-03 17:06:16 --> Session: Class initialized using 'CodeIgniter\Session\Handlers\FileHandler' driver.
DEBUG - 2025-10-03 17:06:18 --> Session: Class initialized using 'CodeIgniter\Session\Handlers\FileHandler' driver.
DEBUG - 2025-10-03 17:06:22 --> Session: Class initialized using 'CodeIgniter\Session\Handlers\FileHandler' driver.
DEBUG - 2025-10-03 17:06:25 --> Session: Class initialized using 'CodeIgniter\Session\Handlers\FileHandler' driver.
DEBUG - 2025-10-03 17:06:34 --> Session: Class initialized using 'CodeIgniter\Session\Handlers\FileHandler' driver.
DEBUG - 2025-10-03 17:06:35 --> Session: Class initialized using 'CodeIgniter\Session\Handlers\FileHandler' driver.
DEBUG - 2025-10-03 17:06:45 --> Session: Class initialized using 'CodeIgniter\Session\Handlers\FileHandler' driver.
DEBUG - 2025-10-03 17:06:51 --> Session: Class initialized using 'CodeIgniter\Session\Handlers\FileHandler' driver.
DEBUG - 2025-10-03 17:06:53 --> Session: Class initialized using 'CodeIgniter\Session\Handlers\FileHandler' driver.
DEBUG - 2025-10-03 17:09:03 --> Session: Class initialized using 'CodeIgniter\Session\Handlers\FileHandler' driver.
DEBUG - 2025-10-03 17:09:05 --> Session: Class initialized using 'CodeIgniter\Session\Handlers\FileHandler' driver.
DEBUG - 2025-10-03 17:09:06 --> Session: Class initialized using 'CodeIgniter\Session\Handlers\FileHandler' driver.
DEBUG - 2025-10-03 17:09:07 --> Session: Class initialized using 'CodeIgniter\Session\Handlers\FileHandler' driver.
