DEBUG - 2025-10-01 05:00:23 --> Session: Class initialized using 'CodeIgniter\Session\Handlers\FileHandler' driver.
DEBUG - 2025-10-01 05:00:31 --> Session: Class initialized using 'CodeIgniter\Session\Handlers\FileHandler' driver.
DEBUG - 2025-10-01 05:00:43 --> Session: Class initialized using 'CodeIgniter\Session\Handlers\FileHandler' driver.
DEBUG - 2025-10-01 05:00:44 --> Session: Class initialized using 'CodeIgniter\Session\Handlers\FileHandler' driver.
DEBUG - 2025-10-01 05:00:49 --> Session: Class initialized using 'CodeIgniter\Session\Handlers\FileHandler' driver.
DEBUG - 2025-10-01 05:00:50 --> Session: Class initialized using 'CodeIgniter\Session\Handlers\FileHandler' driver.
DEBUG - 2025-10-01 05:00:52 --> Session: Class initialized using 'CodeIgniter\Session\Handlers\FileHandler' driver.
DEBUG - 2025-10-01 05:00:53 --> Session: Class initialized using 'CodeIgniter\Session\Handlers\FileHandler' driver.
DEBUG - 2025-10-01 05:00:58 --> Session: Class initialized using 'CodeIgniter\Session\Handlers\FileHandler' driver.
DEBUG - 2025-10-01 05:52:46 --> Session: Class initialized using 'CodeIgniter\Session\Handlers\FileHandler' driver.
DEBUG - 2025-10-01 05:52:56 --> Session: Class initialized using 'CodeIgniter\Session\Handlers\FileHandler' driver.
DEBUG - 2025-10-01 05:52:56 --> Session: Class initialized using 'CodeIgniter\Session\Handlers\FileHandler' driver.
DEBUG - 2025-10-01 05:53:07 --> Session: Class initialized using 'CodeIgniter\Session\Handlers\FileHandler' driver.
DEBUG - 2025-10-01 05:53:07 --> Session: Class initialized using 'CodeIgniter\Session\Handlers\FileHandler' driver.
DEBUG - 2025-10-01 05:53:45 --> Session: Class initialized using 'CodeIgniter\Session\Handlers\FileHandler' driver.
DEBUG - 2025-10-01 05:53:45 --> Session: Class initialized using 'CodeIgniter\Session\Handlers\FileHandler' driver.
DEBUG - 2025-10-01 05:53:55 --> Session: Class initialized using 'CodeIgniter\Session\Handlers\FileHandler' driver.
DEBUG - 2025-10-01 05:53:55 --> Session: Class initialized using 'CodeIgniter\Session\Handlers\FileHandler' driver.
CRITICAL - 2025-10-01 07:36:45 --> CodeIgniter\View\Exceptions\ViewException: Invalid file: "welcome.php"
[Method: GET, Route: /]
in SYSTEMPATH\Exceptions\FrameworkException.php on line 39.
 1 SYSTEMPATH\View\View.php(214): CodeIgniter\Exceptions\FrameworkException::forInvalidFile('welcome.php')
 2 SYSTEMPATH\Common.php(1167): CodeIgniter\View\View->render('welcome', [], true)
 3 APPPATH\Controllers\Home.php(10): view('welcome')
 4 SYSTEMPATH\CodeIgniter.php(933): App\Controllers\Home->index()
 5 SYSTEMPATH\CodeIgniter.php(507): CodeIgniter\CodeIgniter->runController(Object(App\Controllers\Home))
 6 SYSTEMPATH\CodeIgniter.php(354): CodeIgniter\CodeIgniter->handleRequest(null, Object(Config\Cache), false)
 7 SYSTEMPATH\Boot.php(363): CodeIgniter\CodeIgniter->run()
 8 SYSTEMPATH\Boot.php(68): CodeIgniter\Boot::runCodeIgniter(Object(CodeIgniter\CodeIgniter))
 9 FCPATH\index.php(59): CodeIgniter\Boot::bootWeb(Object(Config\Paths))
10 SYSTEMPATH\rewrite.php(44): require_once('C:\\Users\\Lenovo\\OneDrive - Politeknik Negeri Bandung\\Personal Document\\JTK\\Semester-3\\Proyek-3\\Proyek-3\\ETS\\public\\index.php')
DEBUG - 2025-10-01 07:37:04 --> Session: Class initialized using 'CodeIgniter\Session\Handlers\FileHandler' driver.
DEBUG - 2025-10-01 07:37:18 --> Session: Class initialized using 'CodeIgniter\Session\Handlers\FileHandler' driver.
CRITICAL - 2025-10-01 07:40:49 --> CodeIgniter\View\Exceptions\ViewException: Invalid file: "welcome.php"
[Method: GET, Route: /]
in SYSTEMPATH\Exceptions\FrameworkException.php on line 39.
 1 SYSTEMPATH\View\View.php(214): CodeIgniter\Exceptions\FrameworkException::forInvalidFile('welcome.php')
 2 SYSTEMPATH\Common.php(1167): CodeIgniter\View\View->render('welcome', [], true)
 3 APPPATH\Controllers\Home.php(10): view('welcome')
 4 SYSTEMPATH\CodeIgniter.php(933): App\Controllers\Home->index()
 5 SYSTEMPATH\CodeIgniter.php(507): CodeIgniter\CodeIgniter->runController(Object(App\Controllers\Home))
 6 SYSTEMPATH\CodeIgniter.php(354): CodeIgniter\CodeIgniter->handleRequest(null, Object(Config\Cache), false)
 7 SYSTEMPATH\Boot.php(363): CodeIgniter\CodeIgniter->run()
 8 SYSTEMPATH\Boot.php(68): CodeIgniter\Boot::runCodeIgniter(Object(CodeIgniter\CodeIgniter))
 9 FCPATH\index.php(59): CodeIgniter\Boot::bootWeb(Object(Config\Paths))
10 SYSTEMPATH\rewrite.php(44): require_once('C:\\Users\\Lenovo\\OneDrive - Politeknik Negeri Bandung\\Personal Document\\JTK\\Semester-3\\Proyek-3\\Proyek-3\\ETS\\DPR_241511078_2C_HisyamKhaeruUmam\\public\\index.php')
DEBUG - 2025-10-01 07:40:56 --> Session: Class initialized using 'CodeIgniter\Session\Handlers\FileHandler' driver.
DEBUG - 2025-10-01 07:41:03 --> Session: Class initialized using 'CodeIgniter\Session\Handlers\FileHandler' driver.
ERROR - 2025-10-01 07:41:07 --> Error connecting to the database: mysqli_sql_exception: No connection could be made because the target machine actively refused it in C:\Users\Lenovo\OneDrive - Politeknik Negeri Bandung\Personal Document\JTK\Semester-3\Proyek-3\Proyek-3\ETS\DPR_241511078_2C_HisyamKhaeruUmam\system\Database\MySQLi\Connection.php:201
Stack trace:
#0 C:\Users\Lenovo\OneDrive - Politeknik Negeri Bandung\Personal Document\JTK\Semester-3\Proyek-3\Proyek-3\ETS\DPR_241511078_2C_HisyamKhaeruUmam\system\Database\MySQLi\Connection.php(201): mysqli->real_connect('localhost', 'root', Object(SensitiveParameterValue), 'gaji_dpr_db', 3306, '', 0)
#1 C:\Users\Lenovo\OneDrive - Politeknik Negeri Bandung\Personal Document\JTK\Semester-3\Proyek-3\Proyek-3\ETS\DPR_241511078_2C_HisyamKhaeruUmam\system\Database\BaseConnection.php(419): CodeIgniter\Database\MySQLi\Connection->connect(false)
#2 C:\Users\Lenovo\OneDrive - Politeknik Negeri Bandung\Personal Document\JTK\Semester-3\Proyek-3\Proyek-3\ETS\DPR_241511078_2C_HisyamKhaeruUmam\system\Database\BaseConnection.php(614): CodeIgniter\Database\BaseConnection->initialize()
#3 C:\Users\Lenovo\OneDrive - Politeknik Negeri Bandung\Personal Document\JTK\Semester-3\Proyek-3\Proyek-3\ETS\DPR_241511078_2C_HisyamKhaeruUmam\system\Database\BaseBuilder.php(1649): CodeIgniter\Database\BaseConnection->query('SELECT *\nFROM `...', Array, false)
#4 C:\Users\Lenovo\OneDrive - Politeknik Negeri Bandung\Personal Document\JTK\Semester-3\Proyek-3\Proyek-3\ETS\DPR_241511078_2C_HisyamKhaeruUmam\system\Model.php(330): CodeIgniter\Database\BaseBuilder->get()
#5 C:\Users\Lenovo\OneDrive - Politeknik Negeri Bandung\Personal Document\JTK\Semester-3\Proyek-3\Proyek-3\ETS\DPR_241511078_2C_HisyamKhaeruUmam\system\BaseModel.php(715): CodeIgniter\Model->doFirst()
#6 C:\Users\Lenovo\OneDrive - Politeknik Negeri Bandung\Personal Document\JTK\Semester-3\Proyek-3\Proyek-3\ETS\DPR_241511078_2C_HisyamKhaeruUmam\app\Controllers\AuthController.php(25): CodeIgniter\BaseModel->first()
#7 C:\Users\Lenovo\OneDrive - Politeknik Negeri Bandung\Personal Document\JTK\Semester-3\Proyek-3\Proyek-3\ETS\DPR_241511078_2C_HisyamKhaeruUmam\system\CodeIgniter.php(933): App\Controllers\AuthController->process()
#8 C:\Users\Lenovo\OneDrive - Politeknik Negeri Bandung\Personal Document\JTK\Semester-3\Proyek-3\Proyek-3\ETS\DPR_241511078_2C_HisyamKhaeruUmam\system\CodeIgniter.php(507): CodeIgniter\CodeIgniter->runController(Object(App\Controllers\AuthController))
#9 C:\Users\Lenovo\OneDrive - Politeknik Negeri Bandung\Personal Document\JTK\Semester-3\Proyek-3\Proyek-3\ETS\DPR_241511078_2C_HisyamKhaeruUmam\system\CodeIgniter.php(354): CodeIgniter\CodeIgniter->handleRequest(NULL, Object(Config\Cache), false)
#10 C:\Users\Lenovo\OneDrive - Politeknik Negeri Bandung\Personal Document\JTK\Semester-3\Proyek-3\Proyek-3\ETS\DPR_241511078_2C_HisyamKhaeruUmam\system\Boot.php(363): CodeIgniter\CodeIgniter->run()
#11 C:\Users\Lenovo\OneDrive - Politeknik Negeri Bandung\Personal Document\JTK\Semester-3\Proyek-3\Proyek-3\ETS\DPR_241511078_2C_HisyamKhaeruUmam\system\Boot.php(68): CodeIgniter\Boot::runCodeIgniter(Object(CodeIgniter\CodeIgniter))
#12 C:\Users\Lenovo\OneDrive - Politeknik Negeri Bandung\Personal Document\JTK\Semester-3\Proyek-3\Proyek-3\ETS\DPR_241511078_2C_HisyamKhaeruUmam\public\index.php(59): CodeIgniter\Boot::bootWeb(Object(Config\Paths))
#13 C:\Users\Lenovo\OneDrive - Politeknik Negeri Bandung\Personal Document\JTK\Semester-3\Proyek-3\Proyek-3\ETS\DPR_241511078_2C_HisyamKhaeruUmam\system\rewrite.php(44): require_once('C:\\Users\\Lenovo...')
#14 {main}

Next CodeIgniter\Database\Exceptions\DatabaseException: No connection could be made because the target machine actively refused it in C:\Users\Lenovo\OneDrive - Politeknik Negeri Bandung\Personal Document\JTK\Semester-3\Proyek-3\Proyek-3\ETS\DPR_241511078_2C_HisyamKhaeruUmam\system\Database\MySQLi\Connection.php:246
Stack trace:
#0 C:\Users\Lenovo\OneDrive - Politeknik Negeri Bandung\Personal Document\JTK\Semester-3\Proyek-3\Proyek-3\ETS\DPR_241511078_2C_HisyamKhaeruUmam\system\Database\BaseConnection.php(419): CodeIgniter\Database\MySQLi\Connection->connect(false)
#1 C:\Users\Lenovo\OneDrive - Politeknik Negeri Bandung\Personal Document\JTK\Semester-3\Proyek-3\Proyek-3\ETS\DPR_241511078_2C_HisyamKhaeruUmam\system\Database\BaseConnection.php(614): CodeIgniter\Database\BaseConnection->initialize()
#2 C:\Users\Lenovo\OneDrive - Politeknik Negeri Bandung\Personal Document\JTK\Semester-3\Proyek-3\Proyek-3\ETS\DPR_241511078_2C_HisyamKhaeruUmam\system\Database\BaseBuilder.php(1649): CodeIgniter\Database\BaseConnection->query('SELECT *\nFROM `...', Array, false)
#3 C:\Users\Lenovo\OneDrive - Politeknik Negeri Bandung\Personal Document\JTK\Semester-3\Proyek-3\Proyek-3\ETS\DPR_241511078_2C_HisyamKhaeruUmam\system\Model.php(330): CodeIgniter\Database\BaseBuilder->get()
#4 C:\Users\Lenovo\OneDrive - Politeknik Negeri Bandung\Personal Document\JTK\Semester-3\Proyek-3\Proyek-3\ETS\DPR_241511078_2C_HisyamKhaeruUmam\system\BaseModel.php(715): CodeIgniter\Model->doFirst()
#5 C:\Users\Lenovo\OneDrive - Politeknik Negeri Bandung\Personal Document\JTK\Semester-3\Proyek-3\Proyek-3\ETS\DPR_241511078_2C_HisyamKhaeruUmam\app\Controllers\AuthController.php(25): CodeIgniter\BaseModel->first()
#6 C:\Users\Lenovo\OneDrive - Politeknik Negeri Bandung\Personal Document\JTK\Semester-3\Proyek-3\Proyek-3\ETS\DPR_241511078_2C_HisyamKhaeruUmam\system\CodeIgniter.php(933): App\Controllers\AuthController->process()
#7 C:\Users\Lenovo\OneDrive - Politeknik Negeri Bandung\Personal Document\JTK\Semester-3\Proyek-3\Proyek-3\ETS\DPR_241511078_2C_HisyamKhaeruUmam\system\CodeIgniter.php(507): CodeIgniter\CodeIgniter->runController(Object(App\Controllers\AuthController))
#8 C:\Users\Lenovo\OneDrive - Politeknik Negeri Bandung\Personal Document\JTK\Semester-3\Proyek-3\Proyek-3\ETS\DPR_241511078_2C_HisyamKhaeruUmam\system\CodeIgniter.php(354): CodeIgniter\CodeIgniter->handleRequest(NULL, Object(Config\Cache), false)
#9 C:\Users\Lenovo\OneDrive - Politeknik Negeri Bandung\Personal Document\JTK\Semester-3\Proyek-3\Proyek-3\ETS\DPR_241511078_2C_HisyamKhaeruUmam\system\Boot.php(363): CodeIgniter\CodeIgniter->run()
#10 C:\Users\Lenovo\OneDrive - Politeknik Negeri Bandung\Personal Document\JTK\Semester-3\Proyek-3\Proyek-3\ETS\DPR_241511078_2C_HisyamKhaeruUmam\system\Boot.php(68): CodeIgniter\Boot::runCodeIgniter(Object(CodeIgniter\CodeIgniter))
#11 C:\Users\Lenovo\OneDrive - Politeknik Negeri Bandung\Personal Document\JTK\Semester-3\Proyek-3\Proyek-3\ETS\DPR_241511078_2C_HisyamKhaeruUmam\public\index.php(59): CodeIgniter\Boot::bootWeb(Object(Config\Paths))
#12 C:\Users\Lenovo\OneDrive - Politeknik Negeri Bandung\Personal Document\JTK\Semester-3\Proyek-3\Proyek-3\ETS\DPR_241511078_2C_HisyamKhaeruUmam\system\rewrite.php(44): require_once('C:\\Users\\Lenovo...')
#13 {main}
CRITICAL - 2025-10-01 07:41:07 --> CodeIgniter\Database\Exceptions\DatabaseException: Unable to connect to the database.
Main connection [MySQLi]: No connection could be made because the target machine actively refused it
[Method: POST, Route: auth/process]
in SYSTEMPATH\Database\BaseConnection.php on line 465.
 1 SYSTEMPATH\Database\BaseConnection.php(614): CodeIgniter\Database\BaseConnection->initialize()
 2 SYSTEMPATH\Database\BaseBuilder.php(1649): CodeIgniter\Database\BaseConnection->query('SELECT *
FROM `pengguna`
WHERE `username` = :username:
 LIMIT 1', [...], false)
 3 SYSTEMPATH\Model.php(330): CodeIgniter\Database\BaseBuilder->get()
 4 SYSTEMPATH\BaseModel.php(715): CodeIgniter\Model->doFirst()
 5 APPPATH\Controllers\AuthController.php(25): CodeIgniter\BaseModel->first()
 6 SYSTEMPATH\CodeIgniter.php(933): App\Controllers\AuthController->process()
 7 SYSTEMPATH\CodeIgniter.php(507): CodeIgniter\CodeIgniter->runController(Object(App\Controllers\AuthController))
 8 SYSTEMPATH\CodeIgniter.php(354): CodeIgniter\CodeIgniter->handleRequest(null, Object(Config\Cache), false)
 9 SYSTEMPATH\Boot.php(363): CodeIgniter\CodeIgniter->run()
10 SYSTEMPATH\Boot.php(68): CodeIgniter\Boot::runCodeIgniter(Object(CodeIgniter\CodeIgniter))
11 FCPATH\index.php(59): CodeIgniter\Boot::bootWeb(Object(Config\Paths))
12 SYSTEMPATH\rewrite.php(44): require_once('C:\\Users\\Lenovo\\OneDrive - Politeknik Negeri Bandung\\Personal Document\\JTK\\Semester-3\\Proyek-3\\Proyek-3\\ETS\\DPR_241511078_2C_HisyamKhaeruUmam\\public\\index.php')
CRITICAL - 2025-10-01 07:41:43 --> CodeIgniter\View\Exceptions\ViewException: Invalid file: "welcome.php"
[Method: GET, Route: /]
in SYSTEMPATH\Exceptions\FrameworkException.php on line 39.
 1 SYSTEMPATH\View\View.php(214): CodeIgniter\Exceptions\FrameworkException::forInvalidFile('welcome.php')
 2 SYSTEMPATH\Common.php(1167): CodeIgniter\View\View->render('welcome', [], true)
 3 APPPATH\Controllers\Home.php(10): view('welcome')
 4 SYSTEMPATH\CodeIgniter.php(933): App\Controllers\Home->index()
 5 SYSTEMPATH\CodeIgniter.php(507): CodeIgniter\CodeIgniter->runController(Object(App\Controllers\Home))
 6 SYSTEMPATH\CodeIgniter.php(354): CodeIgniter\CodeIgniter->handleRequest(null, Object(Config\Cache), false)
 7 SYSTEMPATH\Boot.php(363): CodeIgniter\CodeIgniter->run()
 8 SYSTEMPATH\Boot.php(68): CodeIgniter\Boot::runCodeIgniter(Object(CodeIgniter\CodeIgniter))
 9 FCPATH\index.php(59): CodeIgniter\Boot::bootWeb(Object(Config\Paths))
10 SYSTEMPATH\rewrite.php(44): require_once('C:\\Users\\Lenovo\\OneDrive - Politeknik Negeri Bandung\\Personal Document\\JTK\\Semester-3\\Proyek-3\\Proyek-3\\ETS\\DPR_241511078_2C_HisyamKhaeruUmam\\public\\index.php')
DEBUG - 2025-10-01 07:41:49 --> Session: Class initialized using 'CodeIgniter\Session\Handlers\FileHandler' driver.
